<?xml version="1.0" encoding="UTF-8"?>
<testsuite name="net.dnlcore.smittenkitten.SmittenkittenApplicationTests" tests="1" skipped="0" failures="0" errors="0" timestamp="2019-12-20T21:36:05" hostname="Spokes" time="0.088">
  <properties/>
  <testcase name="contextLoads()" classname="net.dnlcore.smittenkitten.SmittenkittenApplicationTests" time="0.088"/>
  <system-out><![CDATA[22:36:00.938 [Test worker] DEBUG org.springframework.test.context.BootstrapUtils - Instantiating CacheAwareContextLoaderDelegate from class [org.springframework.test.context.cache.DefaultCacheAwareContextLoaderDelegate]
22:36:00.950 [Test worker] DEBUG org.springframework.test.context.BootstrapUtils - Instantiating BootstrapContext using constructor [public org.springframework.test.context.support.DefaultBootstrapContext(java.lang.Class,org.springframework.test.context.CacheAwareContextLoaderDelegate)]
22:36:00.971 [Test worker] DEBUG org.springframework.test.context.BootstrapUtils - Instantiating TestContextBootstrapper for test class [net.dnlcore.smittenkitten.SmittenkittenApplicationTests] from class [org.springframework.boot.test.context.SpringBootTestContextBootstrapper]
22:36:00.983 [Test worker] INFO org.springframework.boot.test.context.SpringBootTestContextBootstrapper - Neither @ContextConfiguration nor @ContextHierarchy found for test class [net.dnlcore.smittenkitten.SmittenkittenApplicationTests], using SpringBootContextLoader
22:36:00.988 [Test worker] DEBUG org.springframework.test.context.support.AbstractContextLoader - Did not detect default resource location for test class [net.dnlcore.smittenkitten.SmittenkittenApplicationTests]: class path resource [net/dnlcore/smittenkitten/SmittenkittenApplicationTests-context.xml] does not exist
22:36:00.988 [Test worker] DEBUG org.springframework.test.context.support.AbstractContextLoader - Did not detect default resource location for test class [net.dnlcore.smittenkitten.SmittenkittenApplicationTests]: class path resource [net/dnlcore/smittenkitten/SmittenkittenApplicationTestsContext.groovy] does not exist
22:36:00.989 [Test worker] INFO org.springframework.test.context.support.AbstractContextLoader - Could not detect default resource locations for test class [net.dnlcore.smittenkitten.SmittenkittenApplicationTests]: no resource found for suffixes {-context.xml, Context.groovy}.
22:36:00.990 [Test worker] INFO org.springframework.test.context.support.AnnotationConfigContextLoaderUtils - Could not detect default configuration classes for test class [net.dnlcore.smittenkitten.SmittenkittenApplicationTests]: SmittenkittenApplicationTests does not declare any static, non-private, non-final, nested classes annotated with @Configuration.
22:36:01.016 [Test worker] DEBUG org.springframework.test.context.support.ActiveProfilesUtils - Could not find an 'annotation declaring class' for annotation type [org.springframework.test.context.ActiveProfiles] and class [net.dnlcore.smittenkitten.SmittenkittenApplicationTests]
22:36:01.078 [Test worker] DEBUG org.springframework.context.annotation.ClassPathScanningCandidateComponentProvider - Identified candidate component class: file [D:\Users\peterh\Source\repos\smittenkitten\build\classes\java\main\net\dnlcore\smittenkitten\SmittenkittenApplication.class]
22:36:01.079 [Test worker] INFO org.springframework.boot.test.context.SpringBootTestContextBootstrapper - Found @SpringBootConfiguration net.dnlcore.smittenkitten.SmittenkittenApplication for test class net.dnlcore.smittenkitten.SmittenkittenApplicationTests
22:36:01.166 [Test worker] DEBUG org.springframework.boot.test.context.SpringBootTestContextBootstrapper - @TestExecutionListeners is not present for class [net.dnlcore.smittenkitten.SmittenkittenApplicationTests]: using defaults.
22:36:01.167 [Test worker] INFO org.springframework.boot.test.context.SpringBootTestContextBootstrapper - Loaded default TestExecutionListener class names from location [META-INF/spring.factories]: [org.springframework.boot.test.autoconfigure.restdocs.RestDocsTestExecutionListener, org.springframework.boot.test.autoconfigure.web.client.MockRestServiceServerResetTestExecutionListener, org.springframework.boot.test.autoconfigure.web.servlet.MockMvcPrintOnlyOnFailureTestExecutionListener, org.springframework.boot.test.autoconfigure.web.servlet.WebDriverTestExecutionListener, org.springframework.boot.test.mock.mockito.MockitoTestExecutionListener, org.springframework.boot.test.mock.mockito.ResetMocksTestExecutionListener, org.springframework.test.context.web.ServletTestExecutionListener, org.springframework.test.context.support.DirtiesContextBeforeModesTestExecutionListener, org.springframework.test.context.support.DependencyInjectionTestExecutionListener, org.springframework.test.context.support.DirtiesContextTestExecutionListener, org.springframework.test.context.transaction.TransactionalTestExecutionListener, org.springframework.test.context.jdbc.SqlScriptsTestExecutionListener, org.springframework.test.context.event.EventPublishingTestExecutionListener]
22:36:01.184 [Test worker] INFO org.springframework.boot.test.context.SpringBootTestContextBootstrapper - Using TestExecutionListeners: [org.springframework.test.context.web.ServletTestExecutionListener@369a6208, org.springframework.test.context.support.DirtiesContextBeforeModesTestExecutionListener@586081b0, org.springframework.boot.test.mock.mockito.MockitoTestExecutionListener@68fde4f6, org.springframework.boot.test.autoconfigure.SpringBootDependencyInjectionTestExecutionListener@5d397b06, org.springframework.test.context.support.DirtiesContextTestExecutionListener@3856d88b, org.springframework.test.context.transaction.TransactionalTestExecutionListener@6467a330, org.springframework.test.context.jdbc.SqlScriptsTestExecutionListener@63ba311e, org.springframework.test.context.event.EventPublishingTestExecutionListener@75cd8724, org.springframework.boot.test.autoconfigure.restdocs.RestDocsTestExecutionListener@7b519b96, org.springframework.boot.test.autoconfigure.web.client.MockRestServiceServerResetTestExecutionListener@22f6c9ef, org.springframework.boot.test.autoconfigure.web.servlet.MockMvcPrintOnlyOnFailureTestExecutionListener@10f62e6e, org.springframework.boot.test.autoconfigure.web.servlet.WebDriverTestExecutionListener@91b6ff3, org.springframework.boot.test.mock.mockito.ResetMocksTestExecutionListener@7e61d86d]
22:36:01.191 [Test worker] DEBUG org.springframework.test.context.support.AbstractDirtiesContextTestExecutionListener - Before test class: context [DefaultTestContext@16c9d291 testClass = SmittenkittenApplicationTests, testInstance = [null], testMethod = [null], testException = [null], mergedContextConfiguration = [WebMergedContextConfiguration@77a15d85 testClass = SmittenkittenApplicationTests, locations = '{}', classes = '{class net.dnlcore.smittenkitten.SmittenkittenApplication}', contextInitializerClasses = '[]', activeProfiles = '{}', propertySourceLocations = '{}', propertySourceProperties = '{org.springframework.boot.test.context.SpringBootTestContextBootstrapper=true}', contextCustomizers = set[org.springframework.boot.test.autoconfigure.properties.PropertyMappingContextCustomizer@0, org.springframework.boot.test.autoconfigure.web.servlet.WebDriverContextCustomizerFactory$Customizer@f3e853c, org.springframework.boot.test.context.filter.ExcludeFilterContextCustomizer@a3ef0d7, org.springframework.boot.test.json.DuplicateJsonObjectContextCustomizerFactory$DuplicateJsonObjectContextCustomizer@51863736, org.springframework.boot.test.mock.mockito.MockitoContextCustomizer@0, org.springframework.boot.test.web.client.TestRestTemplateContextCustomizer@2805ec18], resourceBasePath = 'src/main/webapp', contextLoader = 'org.springframework.boot.test.context.SpringBootContextLoader', parent = [null]], attributes = map['org.springframework.test.context.web.ServletTestExecutionListener.activateListener' -> true]], class annotated with @DirtiesContext [false] with mode [null].
22:36:01.222 [Test worker] DEBUG org.springframework.test.context.support.TestPropertySourceUtils - Adding inlined properties to environment: {spring.jmx.enabled=false, org.springframework.boot.test.context.SpringBootTestContextBootstrapper=true, server.port=-1}

  .   ____          _            __ _ _
 /\\ / ___'_ __ _ _(_)_ __  __ _ \ \ \ \
( ( )\___ | '_ | '_| | '_ \/ _` | \ \ \ \
 \\/  ___)| |_)| | | | | || (_| |  ) ) ) )
  '  |____| .__|_| |_|_| |_\__, | / / / /
 =========|_|==============|___/=/_/_/_/
 :: Spring Boot ::        (v2.2.0.RELEASE)

2019-12-20 22:36:01.479  INFO 6676 --- [    Test worker] n.d.s.SmittenkittenApplicationTests      : Starting SmittenkittenApplicationTests on Spokes with PID 6676 (started by peterh in D:\Users\peterh\Source\repos\smittenkitten)
2019-12-20 22:36:01.481  INFO 6676 --- [    Test worker] n.d.s.SmittenkittenApplicationTests      : No active profile set, falling back to default profiles: default
2019-12-20 22:36:02.079  INFO 6676 --- [    Test worker] .s.d.r.c.RepositoryConfigurationDelegate : Bootstrapping Spring Data repositories in DEFAULT mode.
2019-12-20 22:36:02.126  INFO 6676 --- [    Test worker] .s.d.r.c.RepositoryConfigurationDelegate : Finished Spring Data repository scanning in 40ms. Found 1 repository interfaces.
2019-12-20 22:36:02.507  INFO 6676 --- [    Test worker] trationDelegate$BeanPostProcessorChecker : Bean 'org.springframework.transaction.annotation.ProxyTransactionManagementConfiguration' of type [org.springframework.transaction.annotation.ProxyTransactionManagementConfiguration] is not eligible for getting processed by all BeanPostProcessors (for example: not eligible for auto-proxying)
2019-12-20 22:36:02.724  INFO 6676 --- [    Test worker] o.hibernate.jpa.internal.util.LogHelper  : HHH000204: Processing PersistenceUnitInfo [name: default]
2019-12-20 22:36:02.777  INFO 6676 --- [    Test worker] org.hibernate.Version                    : HHH000412: Hibernate Core {5.4.6.Final}
2019-12-20 22:36:02.899  INFO 6676 --- [    Test worker] o.hibernate.annotations.common.Version   : HCANN000001: Hibernate Commons Annotations {5.1.0.Final}
2019-12-20 22:36:02.993  INFO 6676 --- [    Test worker] com.zaxxer.hikari.HikariDataSource       : HikariPool-1 - Starting...
2019-12-20 22:36:03.231  INFO 6676 --- [    Test worker] com.zaxxer.hikari.HikariDataSource       : HikariPool-1 - Start completed.
2019-12-20 22:36:03.247  INFO 6676 --- [    Test worker] org.hibernate.dialect.Dialect            : HHH000400: Using dialect: org.hibernate.dialect.MySQL5Dialect
2019-12-20 22:36:03.918  INFO 6676 --- [    Test worker] o.h.e.t.j.p.i.JtaPlatformInitiator       : HHH000490: Using JtaPlatform implementation: [org.hibernate.engine.transaction.jta.platform.internal.NoJtaPlatform]
2019-12-20 22:36:03.924  INFO 6676 --- [    Test worker] j.LocalContainerEntityManagerFactoryBean : Initialized JPA EntityManagerFactory for persistence unit 'default'
2019-12-20 22:36:04.406  WARN 6676 --- [    Test worker] JpaBaseConfiguration$JpaWebConfiguration : spring.jpa.open-in-view is enabled by default. Therefore, database queries may be performed during view rendering. Explicitly configure spring.jpa.open-in-view to disable this warning
2019-12-20 22:36:04.657  INFO 6676 --- [    Test worker] o.s.s.concurrent.ThreadPoolTaskExecutor  : Initializing ExecutorService 'applicationTaskExecutor'
2019-12-20 22:36:05.019  INFO 6676 --- [    Test worker] n.d.s.SmittenkittenApplicationTests      : Started SmittenkittenApplicationTests in 3.788 seconds (JVM running for 4.841)
]]></system-out>
  <system-err><![CDATA[]]></system-err>
</testsuite>
