<?xml version="1.0" encoding="UTF-8"?>
<testsuite name="net.dnlcore.smittenkitten.SmittenkittenApplicationTests" tests="1" skipped="0" failures="0" errors="0" timestamp="2019-10-29T19:56:30" hostname="Spokes" time="0.097">
  <properties/>
  <testcase name="contextLoads()" classname="net.dnlcore.smittenkitten.SmittenkittenApplicationTests" time="0.097"/>
  <system-out><![CDATA[20:56:26.762 [Test worker] DEBUG org.springframework.test.context.BootstrapUtils - Instantiating CacheAwareContextLoaderDelegate from class [org.springframework.test.context.cache.DefaultCacheAwareContextLoaderDelegate]
20:56:26.774 [Test worker] DEBUG org.springframework.test.context.BootstrapUtils - Instantiating BootstrapContext using constructor [public org.springframework.test.context.support.DefaultBootstrapContext(java.lang.Class,org.springframework.test.context.CacheAwareContextLoaderDelegate)]
20:56:26.794 [Test worker] DEBUG org.springframework.test.context.BootstrapUtils - Instantiating TestContextBootstrapper for test class [net.dnlcore.smittenkitten.SmittenkittenApplicationTests] from class [org.springframework.boot.test.context.SpringBootTestContextBootstrapper]
20:56:26.806 [Test worker] INFO org.springframework.boot.test.context.SpringBootTestContextBootstrapper - Neither @ContextConfiguration nor @ContextHierarchy found for test class [net.dnlcore.smittenkitten.SmittenkittenApplicationTests], using SpringBootContextLoader
20:56:26.809 [Test worker] DEBUG org.springframework.test.context.support.AbstractContextLoader - Did not detect default resource location for test class [net.dnlcore.smittenkitten.SmittenkittenApplicationTests]: class path resource [net/dnlcore/smittenkitten/SmittenkittenApplicationTests-context.xml] does not exist
20:56:26.809 [Test worker] DEBUG org.springframework.test.context.support.AbstractContextLoader - Did not detect default resource location for test class [net.dnlcore.smittenkitten.SmittenkittenApplicationTests]: class path resource [net/dnlcore/smittenkitten/SmittenkittenApplicationTestsContext.groovy] does not exist
20:56:26.810 [Test worker] INFO org.springframework.test.context.support.AbstractContextLoader - Could not detect default resource locations for test class [net.dnlcore.smittenkitten.SmittenkittenApplicationTests]: no resource found for suffixes {-context.xml, Context.groovy}.
20:56:26.810 [Test worker] INFO org.springframework.test.context.support.AnnotationConfigContextLoaderUtils - Could not detect default configuration classes for test class [net.dnlcore.smittenkitten.SmittenkittenApplicationTests]: SmittenkittenApplicationTests does not declare any static, non-private, non-final, nested classes annotated with @Configuration.
20:56:26.835 [Test worker] DEBUG org.springframework.test.context.support.ActiveProfilesUtils - Could not find an 'annotation declaring class' for annotation type [org.springframework.test.context.ActiveProfiles] and class [net.dnlcore.smittenkitten.SmittenkittenApplicationTests]
20:56:26.893 [Test worker] DEBUG org.springframework.context.annotation.ClassPathScanningCandidateComponentProvider - Identified candidate component class: file [D:\Users\peterh\Source\repos\smittenkitten\build\classes\java\main\net\dnlcore\smittenkitten\SmittenkittenApplication.class]
20:56:26.894 [Test worker] INFO org.springframework.boot.test.context.SpringBootTestContextBootstrapper - Found @SpringBootConfiguration net.dnlcore.smittenkitten.SmittenkittenApplication for test class net.dnlcore.smittenkitten.SmittenkittenApplicationTests
20:56:26.973 [Test worker] DEBUG org.springframework.boot.test.context.SpringBootTestContextBootstrapper - @TestExecutionListeners is not present for class [net.dnlcore.smittenkitten.SmittenkittenApplicationTests]: using defaults.
20:56:26.973 [Test worker] INFO org.springframework.boot.test.context.SpringBootTestContextBootstrapper - Loaded default TestExecutionListener class names from location [META-INF/spring.factories]: [org.springframework.boot.test.autoconfigure.restdocs.RestDocsTestExecutionListener, org.springframework.boot.test.autoconfigure.web.client.MockRestServiceServerResetTestExecutionListener, org.springframework.boot.test.autoconfigure.web.servlet.MockMvcPrintOnlyOnFailureTestExecutionListener, org.springframework.boot.test.autoconfigure.web.servlet.WebDriverTestExecutionListener, org.springframework.boot.test.mock.mockito.MockitoTestExecutionListener, org.springframework.boot.test.mock.mockito.ResetMocksTestExecutionListener, org.springframework.test.context.web.ServletTestExecutionListener, org.springframework.test.context.support.DirtiesContextBeforeModesTestExecutionListener, org.springframework.test.context.support.DependencyInjectionTestExecutionListener, org.springframework.test.context.support.DirtiesContextTestExecutionListener, org.springframework.test.context.transaction.TransactionalTestExecutionListener, org.springframework.test.context.jdbc.SqlScriptsTestExecutionListener, org.springframework.test.context.event.EventPublishingTestExecutionListener]
20:56:26.989 [Test worker] INFO org.springframework.boot.test.context.SpringBootTestContextBootstrapper - Using TestExecutionListeners: [org.springframework.test.context.web.ServletTestExecutionListener@31100b0e, org.springframework.test.context.support.DirtiesContextBeforeModesTestExecutionListener@4c7b4542, org.springframework.boot.test.mock.mockito.MockitoTestExecutionListener@502a1e9, org.springframework.boot.test.autoconfigure.SpringBootDependencyInjectionTestExecutionListener@193d9b26, org.springframework.test.context.support.DirtiesContextTestExecutionListener@28c4bb74, org.springframework.test.context.transaction.TransactionalTestExecutionListener@3e83ba7b, org.springframework.test.context.jdbc.SqlScriptsTestExecutionListener@2e1e59ab, org.springframework.test.context.event.EventPublishingTestExecutionListener@5b8f03e5, org.springframework.boot.test.autoconfigure.restdocs.RestDocsTestExecutionListener@569d1cfb, org.springframework.boot.test.autoconfigure.web.client.MockRestServiceServerResetTestExecutionListener@75ee3431, org.springframework.boot.test.autoconfigure.web.servlet.MockMvcPrintOnlyOnFailureTestExecutionListener@2961f826, org.springframework.boot.test.autoconfigure.web.servlet.WebDriverTestExecutionListener@a5256c4, org.springframework.boot.test.mock.mockito.ResetMocksTestExecutionListener@3416e9b1]
20:56:26.992 [Test worker] DEBUG org.springframework.test.context.support.AbstractDirtiesContextTestExecutionListener - Before test class: context [DefaultTestContext@574d8cde testClass = SmittenkittenApplicationTests, testInstance = [null], testMethod = [null], testException = [null], mergedContextConfiguration = [WebMergedContextConfiguration@7d328461 testClass = SmittenkittenApplicationTests, locations = '{}', classes = '{class net.dnlcore.smittenkitten.SmittenkittenApplication}', contextInitializerClasses = '[]', activeProfiles = '{}', propertySourceLocations = '{}', propertySourceProperties = '{org.springframework.boot.test.context.SpringBootTestContextBootstrapper=true}', contextCustomizers = set[org.springframework.boot.test.autoconfigure.properties.PropertyMappingContextCustomizer@0, org.springframework.boot.test.autoconfigure.web.servlet.WebDriverContextCustomizerFactory$Customizer@4e831012, org.springframework.boot.test.context.filter.ExcludeFilterContextCustomizer@7b1d4615, org.springframework.boot.test.json.DuplicateJsonObjectContextCustomizerFactory$DuplicateJsonObjectContextCustomizer@52b1d572, org.springframework.boot.test.mock.mockito.MockitoContextCustomizer@0, org.springframework.boot.test.web.client.TestRestTemplateContextCustomizer@4069c427], resourceBasePath = 'src/main/webapp', contextLoader = 'org.springframework.boot.test.context.SpringBootContextLoader', parent = [null]], attributes = map['org.springframework.test.context.web.ServletTestExecutionListener.activateListener' -> true]], class annotated with @DirtiesContext [false] with mode [null].
20:56:27.016 [Test worker] DEBUG org.springframework.test.context.support.TestPropertySourceUtils - Adding inlined properties to environment: {spring.jmx.enabled=false, org.springframework.boot.test.context.SpringBootTestContextBootstrapper=true, server.port=-1}

  .   ____          _            __ _ _
 /\\ / ___'_ __ _ _(_)_ __  __ _ \ \ \ \
( ( )\___ | '_ | '_| | '_ \/ _` | \ \ \ \
 \\/  ___)| |_)| | | | | || (_| |  ) ) ) )
  '  |____| .__|_| |_|_| |_\__, | / / / /
 =========|_|==============|___/=/_/_/_/
 :: Spring Boot ::        (v2.2.0.RELEASE)

2019-10-29 20:56:27.254  INFO 15612 --- [    Test worker] n.d.s.SmittenkittenApplicationTests      : Starting SmittenkittenApplicationTests on Spokes with PID 15612 (started by peterh in D:\Users\peterh\Source\repos\smittenkitten)
2019-10-29 20:56:27.255  INFO 15612 --- [    Test worker] n.d.s.SmittenkittenApplicationTests      : No active profile set, falling back to default profiles: default
2019-10-29 20:56:27.837  INFO 15612 --- [    Test worker] .s.d.r.c.RepositoryConfigurationDelegate : Bootstrapping Spring Data repositories in DEFAULT mode.
2019-10-29 20:56:27.886  INFO 15612 --- [    Test worker] .s.d.r.c.RepositoryConfigurationDelegate : Finished Spring Data repository scanning in 41ms. Found 1 repository interfaces.
2019-10-29 20:56:28.209  INFO 15612 --- [    Test worker] trationDelegate$BeanPostProcessorChecker : Bean 'org.springframework.transaction.annotation.ProxyTransactionManagementConfiguration' of type [org.springframework.transaction.annotation.ProxyTransactionManagementConfiguration] is not eligible for getting processed by all BeanPostProcessors (for example: not eligible for auto-proxying)
2019-10-29 20:56:28.435  INFO 15612 --- [    Test worker] o.hibernate.jpa.internal.util.LogHelper  : HHH000204: Processing PersistenceUnitInfo [name: default]
2019-10-29 20:56:28.490  INFO 15612 --- [    Test worker] org.hibernate.Version                    : HHH000412: Hibernate Core {5.4.6.Final}
2019-10-29 20:56:28.611  INFO 15612 --- [    Test worker] o.hibernate.annotations.common.Version   : HCANN000001: Hibernate Commons Annotations {5.1.0.Final}
2019-10-29 20:56:28.710  INFO 15612 --- [    Test worker] com.zaxxer.hikari.HikariDataSource       : HikariPool-1 - Starting...
2019-10-29 20:56:28.890  INFO 15612 --- [    Test worker] com.zaxxer.hikari.HikariDataSource       : HikariPool-1 - Start completed.
2019-10-29 20:56:28.902  INFO 15612 --- [    Test worker] org.hibernate.dialect.Dialect            : HHH000400: Using dialect: org.hibernate.dialect.MySQL5Dialect
2019-10-29 20:56:29.544  INFO 15612 --- [    Test worker] o.h.e.t.j.p.i.JtaPlatformInitiator       : HHH000490: Using JtaPlatform implementation: [org.hibernate.engine.transaction.jta.platform.internal.NoJtaPlatform]
2019-10-29 20:56:29.553  INFO 15612 --- [    Test worker] j.LocalContainerEntityManagerFactoryBean : Initialized JPA EntityManagerFactory for persistence unit 'default'
2019-10-29 20:56:29.993  WARN 15612 --- [    Test worker] JpaBaseConfiguration$JpaWebConfiguration : spring.jpa.open-in-view is enabled by default. Therefore, database queries may be performed during view rendering. Explicitly configure spring.jpa.open-in-view to disable this warning
2019-10-29 20:56:30.237  INFO 15612 --- [    Test worker] o.s.s.concurrent.ThreadPoolTaskExecutor  : Initializing ExecutorService 'applicationTaskExecutor'
2019-10-29 20:56:30.610  INFO 15612 --- [    Test worker] n.d.s.SmittenkittenApplicationTests      : Started SmittenkittenApplicationTests in 3.585 seconds (JVM running for 4.619)
]]></system-out>
  <system-err><![CDATA[]]></system-err>
</testsuite>
